[2025-12-12T16:29:33.151+0000] {processor.py:186} INFO - Started process (PID=164) to work on /opt/airflow/dags/stock_pipeline.py
[2025-12-12T16:29:33.153+0000] {processor.py:914} INFO - Processing file /opt/airflow/dags/stock_pipeline.py for tasks to queue
[2025-12-12T16:29:33.178+0000] {logging_mixin.py:190} INFO - [2025-12-12T16:29:33.175+0000] {dagbag.py:588} INFO - Filling up the DagBag from /opt/airflow/dags/stock_pipeline.py
[2025-12-12T16:29:41.418+0000] {processor.py:925} INFO - DAG(s) 'magnificent7_incremental_pipeline' retrieved from /opt/airflow/dags/stock_pipeline.py
[2025-12-12T16:29:42.285+0000] {logging_mixin.py:190} INFO - [2025-12-12T16:29:42.283+0000] {override.py:1900} INFO - Created Permission View: can read on DAG:magnificent7_incremental_pipeline
[2025-12-12T16:29:42.306+0000] {logging_mixin.py:190} INFO - [2025-12-12T16:29:42.305+0000] {override.py:1900} INFO - Created Permission View: can delete on DAG:magnificent7_incremental_pipeline
[2025-12-12T16:29:42.318+0000] {logging_mixin.py:190} INFO - [2025-12-12T16:29:42.317+0000] {override.py:1900} INFO - Created Permission View: can edit on DAG:magnificent7_incremental_pipeline
[2025-12-12T16:29:42.331+0000] {logging_mixin.py:190} INFO - [2025-12-12T16:29:42.331+0000] {override.py:1900} INFO - Created Permission View: can read on DAG Run:magnificent7_incremental_pipeline
[2025-12-12T16:29:42.343+0000] {logging_mixin.py:190} INFO - [2025-12-12T16:29:42.342+0000] {override.py:1900} INFO - Created Permission View: menu access on DAG Run:magnificent7_incremental_pipeline
[2025-12-12T16:29:42.353+0000] {logging_mixin.py:190} INFO - [2025-12-12T16:29:42.352+0000] {override.py:1900} INFO - Created Permission View: can delete on DAG Run:magnificent7_incremental_pipeline
[2025-12-12T16:29:42.365+0000] {logging_mixin.py:190} INFO - [2025-12-12T16:29:42.364+0000] {override.py:1900} INFO - Created Permission View: can create on DAG Run:magnificent7_incremental_pipeline
[2025-12-12T16:29:42.367+0000] {logging_mixin.py:190} INFO - [2025-12-12T16:29:42.366+0000] {dag.py:3239} INFO - Sync 1 DAGs
[2025-12-12T16:29:42.395+0000] {logging_mixin.py:190} INFO - [2025-12-12T16:29:42.394+0000] {dag.py:3262} INFO - Creating ORM DAG for magnificent7_incremental_pipeline
[2025-12-12T16:29:42.414+0000] {logging_mixin.py:190} INFO - [2025-12-12T16:29:42.414+0000] {dag.py:4180} INFO - Setting next_dagrun for magnificent7_incremental_pipeline to 2025-12-10 22:00:00+00:00, run_after=2025-12-11 22:00:00+00:00
[2025-12-12T16:29:42.442+0000] {processor.py:208} INFO - Processing /opt/airflow/dags/stock_pipeline.py took 9.336 seconds
[2025-12-12T16:30:13.389+0000] {processor.py:186} INFO - Started process (PID=170) to work on /opt/airflow/dags/stock_pipeline.py
[2025-12-12T16:30:13.392+0000] {processor.py:914} INFO - Processing file /opt/airflow/dags/stock_pipeline.py for tasks to queue
[2025-12-12T16:30:13.406+0000] {logging_mixin.py:190} INFO - [2025-12-12T16:30:13.405+0000] {dagbag.py:588} INFO - Filling up the DagBag from /opt/airflow/dags/stock_pipeline.py
[2025-12-12T16:30:16.058+0000] {processor.py:925} INFO - DAG(s) 'magnificent7_incremental_pipeline' retrieved from /opt/airflow/dags/stock_pipeline.py
[2025-12-12T16:30:16.121+0000] {logging_mixin.py:190} INFO - [2025-12-12T16:30:16.120+0000] {dag.py:3239} INFO - Sync 1 DAGs
[2025-12-12T16:30:16.159+0000] {logging_mixin.py:190} INFO - [2025-12-12T16:30:16.159+0000] {dag.py:4180} INFO - Setting next_dagrun for magnificent7_incremental_pipeline to 2025-12-10 22:00:00+00:00, run_after=2025-12-11 22:00:00+00:00
[2025-12-12T16:30:16.184+0000] {processor.py:208} INFO - Processing /opt/airflow/dags/stock_pipeline.py took 2.817 seconds
[2025-12-12T16:30:46.333+0000] {processor.py:186} INFO - Started process (PID=176) to work on /opt/airflow/dags/stock_pipeline.py
[2025-12-12T16:30:46.335+0000] {processor.py:914} INFO - Processing file /opt/airflow/dags/stock_pipeline.py for tasks to queue
[2025-12-12T16:30:46.341+0000] {logging_mixin.py:190} INFO - [2025-12-12T16:30:46.340+0000] {dagbag.py:588} INFO - Filling up the DagBag from /opt/airflow/dags/stock_pipeline.py
[2025-12-12T16:30:48.736+0000] {processor.py:925} INFO - DAG(s) 'magnificent7_incremental_pipeline' retrieved from /opt/airflow/dags/stock_pipeline.py
[2025-12-12T16:30:48.801+0000] {logging_mixin.py:190} INFO - [2025-12-12T16:30:48.800+0000] {dag.py:3239} INFO - Sync 1 DAGs
[2025-12-12T16:30:48.861+0000] {logging_mixin.py:190} INFO - [2025-12-12T16:30:48.860+0000] {dag.py:4180} INFO - Setting next_dagrun for magnificent7_incremental_pipeline to 2025-12-10 22:00:00+00:00, run_after=2025-12-11 22:00:00+00:00
[2025-12-12T16:30:48.895+0000] {processor.py:208} INFO - Processing /opt/airflow/dags/stock_pipeline.py took 2.588 seconds
[2025-12-12T16:31:19.034+0000] {processor.py:186} INFO - Started process (PID=182) to work on /opt/airflow/dags/stock_pipeline.py
[2025-12-12T16:31:19.036+0000] {processor.py:914} INFO - Processing file /opt/airflow/dags/stock_pipeline.py for tasks to queue
[2025-12-12T16:31:19.041+0000] {logging_mixin.py:190} INFO - [2025-12-12T16:31:19.041+0000] {dagbag.py:588} INFO - Filling up the DagBag from /opt/airflow/dags/stock_pipeline.py
[2025-12-12T16:31:21.239+0000] {processor.py:925} INFO - DAG(s) 'magnificent7_incremental_pipeline' retrieved from /opt/airflow/dags/stock_pipeline.py
[2025-12-12T16:31:21.335+0000] {logging_mixin.py:190} INFO - [2025-12-12T16:31:21.334+0000] {dag.py:3239} INFO - Sync 1 DAGs
[2025-12-12T16:31:21.416+0000] {logging_mixin.py:190} INFO - [2025-12-12T16:31:21.415+0000] {dag.py:4180} INFO - Setting next_dagrun for magnificent7_incremental_pipeline to 2025-12-10 22:00:00+00:00, run_after=2025-12-11 22:00:00+00:00
[2025-12-12T16:31:21.466+0000] {processor.py:208} INFO - Processing /opt/airflow/dags/stock_pipeline.py took 2.452 seconds
[2025-12-12T16:31:51.673+0000] {processor.py:186} INFO - Started process (PID=188) to work on /opt/airflow/dags/stock_pipeline.py
[2025-12-12T16:31:51.675+0000] {processor.py:914} INFO - Processing file /opt/airflow/dags/stock_pipeline.py for tasks to queue
[2025-12-12T16:31:51.680+0000] {logging_mixin.py:190} INFO - [2025-12-12T16:31:51.680+0000] {dagbag.py:588} INFO - Filling up the DagBag from /opt/airflow/dags/stock_pipeline.py
[2025-12-12T16:31:55.088+0000] {processor.py:925} INFO - DAG(s) 'magnificent7_incremental_pipeline' retrieved from /opt/airflow/dags/stock_pipeline.py
[2025-12-12T16:31:55.146+0000] {logging_mixin.py:190} INFO - [2025-12-12T16:31:55.146+0000] {dag.py:3239} INFO - Sync 1 DAGs
[2025-12-12T16:31:55.211+0000] {logging_mixin.py:190} INFO - [2025-12-12T16:31:55.211+0000] {dag.py:4180} INFO - Setting next_dagrun for magnificent7_incremental_pipeline to 2025-12-10 22:00:00+00:00, run_after=2025-12-11 22:00:00+00:00
[2025-12-12T16:31:55.246+0000] {processor.py:208} INFO - Processing /opt/airflow/dags/stock_pipeline.py took 3.590 seconds
[2025-12-12T16:32:26.121+0000] {processor.py:186} INFO - Started process (PID=194) to work on /opt/airflow/dags/stock_pipeline.py
[2025-12-12T16:32:26.123+0000] {processor.py:914} INFO - Processing file /opt/airflow/dags/stock_pipeline.py for tasks to queue
[2025-12-12T16:32:26.128+0000] {logging_mixin.py:190} INFO - [2025-12-12T16:32:26.127+0000] {dagbag.py:588} INFO - Filling up the DagBag from /opt/airflow/dags/stock_pipeline.py
[2025-12-12T16:32:28.469+0000] {processor.py:925} INFO - DAG(s) 'magnificent7_incremental_pipeline' retrieved from /opt/airflow/dags/stock_pipeline.py
[2025-12-12T16:32:28.523+0000] {logging_mixin.py:190} INFO - [2025-12-12T16:32:28.522+0000] {dag.py:3239} INFO - Sync 1 DAGs
[2025-12-12T16:32:28.577+0000] {logging_mixin.py:190} INFO - [2025-12-12T16:32:28.576+0000] {dag.py:4180} INFO - Setting next_dagrun for magnificent7_incremental_pipeline to 2025-12-10 22:00:00+00:00, run_after=2025-12-11 22:00:00+00:00
[2025-12-12T16:32:28.603+0000] {processor.py:208} INFO - Processing /opt/airflow/dags/stock_pipeline.py took 2.493 seconds
[2025-12-12T16:32:58.764+0000] {processor.py:186} INFO - Started process (PID=200) to work on /opt/airflow/dags/stock_pipeline.py
[2025-12-12T16:32:58.766+0000] {processor.py:914} INFO - Processing file /opt/airflow/dags/stock_pipeline.py for tasks to queue
[2025-12-12T16:32:58.770+0000] {logging_mixin.py:190} INFO - [2025-12-12T16:32:58.770+0000] {dagbag.py:588} INFO - Filling up the DagBag from /opt/airflow/dags/stock_pipeline.py
[2025-12-12T16:33:01.331+0000] {processor.py:925} INFO - DAG(s) 'magnificent7_incremental_pipeline' retrieved from /opt/airflow/dags/stock_pipeline.py
[2025-12-12T16:33:01.398+0000] {logging_mixin.py:190} INFO - [2025-12-12T16:33:01.397+0000] {dag.py:3239} INFO - Sync 1 DAGs
[2025-12-12T16:33:01.570+0000] {logging_mixin.py:190} INFO - [2025-12-12T16:33:01.570+0000] {dag.py:4180} INFO - Setting next_dagrun for magnificent7_incremental_pipeline to 2025-12-10 22:00:00+00:00, run_after=2025-12-11 22:00:00+00:00
[2025-12-12T16:33:01.604+0000] {processor.py:208} INFO - Processing /opt/airflow/dags/stock_pipeline.py took 2.859 seconds
[2025-12-12T16:33:31.818+0000] {processor.py:186} INFO - Started process (PID=206) to work on /opt/airflow/dags/stock_pipeline.py
[2025-12-12T16:33:31.820+0000] {processor.py:914} INFO - Processing file /opt/airflow/dags/stock_pipeline.py for tasks to queue
[2025-12-12T16:33:31.824+0000] {logging_mixin.py:190} INFO - [2025-12-12T16:33:31.823+0000] {dagbag.py:588} INFO - Filling up the DagBag from /opt/airflow/dags/stock_pipeline.py
[2025-12-12T16:33:33.780+0000] {processor.py:925} INFO - DAG(s) 'magnificent7_incremental_pipeline' retrieved from /opt/airflow/dags/stock_pipeline.py
[2025-12-12T16:33:33.941+0000] {logging_mixin.py:190} INFO - [2025-12-12T16:33:33.940+0000] {dag.py:3239} INFO - Sync 1 DAGs
[2025-12-12T16:33:33.975+0000] {logging_mixin.py:190} INFO - [2025-12-12T16:33:33.974+0000] {dag.py:4180} INFO - Setting next_dagrun for magnificent7_incremental_pipeline to 2025-12-10 22:00:00+00:00, run_after=2025-12-11 22:00:00+00:00
[2025-12-12T16:33:34.011+0000] {processor.py:208} INFO - Processing /opt/airflow/dags/stock_pipeline.py took 2.205 seconds
[2025-12-12T16:33:38.940+0000] {processor.py:186} INFO - Started process (PID=212) to work on /opt/airflow/dags/stock_pipeline.py
[2025-12-12T16:33:38.943+0000] {processor.py:914} INFO - Processing file /opt/airflow/dags/stock_pipeline.py for tasks to queue
[2025-12-12T16:33:38.948+0000] {logging_mixin.py:190} INFO - [2025-12-12T16:33:38.947+0000] {dagbag.py:588} INFO - Filling up the DagBag from /opt/airflow/dags/stock_pipeline.py
[2025-12-12T16:33:40.752+0000] {processor.py:925} INFO - DAG(s) 'magnificent7_incremental_pipeline' retrieved from /opt/airflow/dags/stock_pipeline.py
[2025-12-12T16:33:40.914+0000] {logging_mixin.py:190} INFO - [2025-12-12T16:33:40.913+0000] {dag.py:3239} INFO - Sync 1 DAGs
[2025-12-12T16:33:40.958+0000] {logging_mixin.py:190} INFO - [2025-12-12T16:33:40.957+0000] {dag.py:4180} INFO - Setting next_dagrun for magnificent7_incremental_pipeline to 2025-12-10 22:00:00+00:00, run_after=2025-12-11 22:00:00+00:00
[2025-12-12T16:33:41.011+0000] {processor.py:208} INFO - Processing /opt/airflow/dags/stock_pipeline.py took 2.085 seconds
[2025-12-12T16:34:11.146+0000] {processor.py:186} INFO - Started process (PID=218) to work on /opt/airflow/dags/stock_pipeline.py
[2025-12-12T16:34:11.149+0000] {processor.py:914} INFO - Processing file /opt/airflow/dags/stock_pipeline.py for tasks to queue
[2025-12-12T16:34:11.156+0000] {logging_mixin.py:190} INFO - [2025-12-12T16:34:11.155+0000] {dagbag.py:588} INFO - Filling up the DagBag from /opt/airflow/dags/stock_pipeline.py
[2025-12-12T16:34:13.419+0000] {processor.py:925} INFO - DAG(s) 'magnificent7_incremental_pipeline' retrieved from /opt/airflow/dags/stock_pipeline.py
[2025-12-12T16:34:13.468+0000] {logging_mixin.py:190} INFO - [2025-12-12T16:34:13.467+0000] {dag.py:3239} INFO - Sync 1 DAGs
[2025-12-12T16:34:13.509+0000] {logging_mixin.py:190} INFO - [2025-12-12T16:34:13.509+0000] {dag.py:4180} INFO - Setting next_dagrun for magnificent7_incremental_pipeline to 2025-12-10 22:00:00+00:00, run_after=2025-12-11 22:00:00+00:00
[2025-12-12T16:34:13.549+0000] {processor.py:208} INFO - Processing /opt/airflow/dags/stock_pipeline.py took 2.419 seconds
[2025-12-12T16:34:28.633+0000] {processor.py:186} INFO - Started process (PID=224) to work on /opt/airflow/dags/stock_pipeline.py
[2025-12-12T16:34:28.639+0000] {processor.py:914} INFO - Processing file /opt/airflow/dags/stock_pipeline.py for tasks to queue
[2025-12-12T16:34:28.647+0000] {logging_mixin.py:190} INFO - [2025-12-12T16:34:28.646+0000] {dagbag.py:588} INFO - Filling up the DagBag from /opt/airflow/dags/stock_pipeline.py
[2025-12-12T16:34:30.935+0000] {processor.py:925} INFO - DAG(s) 'magnificent7_incremental_pipeline' retrieved from /opt/airflow/dags/stock_pipeline.py
[2025-12-12T16:34:30.975+0000] {logging_mixin.py:190} INFO - [2025-12-12T16:34:30.974+0000] {dag.py:3239} INFO - Sync 1 DAGs
[2025-12-12T16:34:31.132+0000] {logging_mixin.py:190} INFO - [2025-12-12T16:34:31.132+0000] {dag.py:4180} INFO - Setting next_dagrun for magnificent7_incremental_pipeline to 2025-12-10 22:00:00+00:00, run_after=2025-12-11 22:00:00+00:00
[2025-12-12T16:34:31.169+0000] {processor.py:208} INFO - Processing /opt/airflow/dags/stock_pipeline.py took 2.557 seconds
[2025-12-12T16:35:42.164+0000] {processor.py:186} INFO - Started process (PID=164) to work on /opt/airflow/dags/stock_pipeline.py
[2025-12-12T16:35:42.167+0000] {processor.py:914} INFO - Processing file /opt/airflow/dags/stock_pipeline.py for tasks to queue
[2025-12-12T16:35:42.171+0000] {logging_mixin.py:190} INFO - [2025-12-12T16:35:42.170+0000] {dagbag.py:588} INFO - Filling up the DagBag from /opt/airflow/dags/stock_pipeline.py
[2025-12-12T16:35:47.234+0000] {processor.py:925} INFO - DAG(s) 'magnificent7_incremental_pipeline' retrieved from /opt/airflow/dags/stock_pipeline.py
[2025-12-12T16:35:47.299+0000] {logging_mixin.py:190} INFO - [2025-12-12T16:35:47.298+0000] {dag.py:3239} INFO - Sync 1 DAGs
[2025-12-12T16:35:47.364+0000] {logging_mixin.py:190} INFO - [2025-12-12T16:35:47.363+0000] {dag.py:4180} INFO - Setting next_dagrun for magnificent7_incremental_pipeline to 2025-12-10 22:00:00+00:00, run_after=2025-12-11 22:00:00+00:00
[2025-12-12T16:35:47.398+0000] {processor.py:208} INFO - Processing /opt/airflow/dags/stock_pipeline.py took 5.258 seconds
[2025-12-12T16:36:18.264+0000] {processor.py:186} INFO - Started process (PID=170) to work on /opt/airflow/dags/stock_pipeline.py
[2025-12-12T16:36:18.266+0000] {processor.py:914} INFO - Processing file /opt/airflow/dags/stock_pipeline.py for tasks to queue
[2025-12-12T16:36:18.271+0000] {logging_mixin.py:190} INFO - [2025-12-12T16:36:18.271+0000] {dagbag.py:588} INFO - Filling up the DagBag from /opt/airflow/dags/stock_pipeline.py
[2025-12-12T16:36:20.064+0000] {processor.py:925} INFO - DAG(s) 'magnificent7_incremental_pipeline' retrieved from /opt/airflow/dags/stock_pipeline.py
[2025-12-12T16:36:20.100+0000] {logging_mixin.py:190} INFO - [2025-12-12T16:36:20.099+0000] {dag.py:3239} INFO - Sync 1 DAGs
[2025-12-12T16:36:20.138+0000] {logging_mixin.py:190} INFO - [2025-12-12T16:36:20.138+0000] {dag.py:4180} INFO - Setting next_dagrun for magnificent7_incremental_pipeline to 2025-12-10 22:00:00+00:00, run_after=2025-12-11 22:00:00+00:00
[2025-12-12T16:36:20.175+0000] {processor.py:208} INFO - Processing /opt/airflow/dags/stock_pipeline.py took 1.924 seconds
[2025-12-12T16:36:50.398+0000] {processor.py:186} INFO - Started process (PID=176) to work on /opt/airflow/dags/stock_pipeline.py
[2025-12-12T16:36:50.401+0000] {processor.py:914} INFO - Processing file /opt/airflow/dags/stock_pipeline.py for tasks to queue
[2025-12-12T16:36:50.407+0000] {logging_mixin.py:190} INFO - [2025-12-12T16:36:50.406+0000] {dagbag.py:588} INFO - Filling up the DagBag from /opt/airflow/dags/stock_pipeline.py
[2025-12-12T16:36:52.084+0000] {processor.py:925} INFO - DAG(s) 'magnificent7_incremental_pipeline' retrieved from /opt/airflow/dags/stock_pipeline.py
[2025-12-12T16:36:52.125+0000] {logging_mixin.py:190} INFO - [2025-12-12T16:36:52.124+0000] {dag.py:3239} INFO - Sync 1 DAGs
[2025-12-12T16:36:52.163+0000] {logging_mixin.py:190} INFO - [2025-12-12T16:36:52.163+0000] {dag.py:4180} INFO - Setting next_dagrun for magnificent7_incremental_pipeline to 2025-12-10 22:00:00+00:00, run_after=2025-12-11 22:00:00+00:00
[2025-12-12T16:36:52.197+0000] {processor.py:208} INFO - Processing /opt/airflow/dags/stock_pipeline.py took 1.814 seconds
[2025-12-12T16:37:22.337+0000] {processor.py:186} INFO - Started process (PID=182) to work on /opt/airflow/dags/stock_pipeline.py
[2025-12-12T16:37:22.340+0000] {processor.py:914} INFO - Processing file /opt/airflow/dags/stock_pipeline.py for tasks to queue
[2025-12-12T16:37:22.349+0000] {logging_mixin.py:190} INFO - [2025-12-12T16:37:22.348+0000] {dagbag.py:588} INFO - Filling up the DagBag from /opt/airflow/dags/stock_pipeline.py
[2025-12-12T16:37:24.231+0000] {processor.py:925} INFO - DAG(s) 'magnificent7_incremental_pipeline' retrieved from /opt/airflow/dags/stock_pipeline.py
[2025-12-12T16:37:24.268+0000] {logging_mixin.py:190} INFO - [2025-12-12T16:37:24.267+0000] {dag.py:3239} INFO - Sync 1 DAGs
[2025-12-12T16:37:24.301+0000] {logging_mixin.py:190} INFO - [2025-12-12T16:37:24.300+0000] {dag.py:4180} INFO - Setting next_dagrun for magnificent7_incremental_pipeline to 2025-12-10 22:00:00+00:00, run_after=2025-12-11 22:00:00+00:00
[2025-12-12T16:37:24.328+0000] {processor.py:208} INFO - Processing /opt/airflow/dags/stock_pipeline.py took 2.010 seconds
[2025-12-12T16:37:54.508+0000] {processor.py:186} INFO - Started process (PID=188) to work on /opt/airflow/dags/stock_pipeline.py
[2025-12-12T16:37:54.511+0000] {processor.py:914} INFO - Processing file /opt/airflow/dags/stock_pipeline.py for tasks to queue
[2025-12-12T16:37:54.517+0000] {logging_mixin.py:190} INFO - [2025-12-12T16:37:54.516+0000] {dagbag.py:588} INFO - Filling up the DagBag from /opt/airflow/dags/stock_pipeline.py
[2025-12-12T16:37:56.270+0000] {processor.py:925} INFO - DAG(s) 'magnificent7_incremental_pipeline' retrieved from /opt/airflow/dags/stock_pipeline.py
[2025-12-12T16:37:56.316+0000] {logging_mixin.py:190} INFO - [2025-12-12T16:37:56.315+0000] {dag.py:3239} INFO - Sync 1 DAGs
[2025-12-12T16:37:56.351+0000] {logging_mixin.py:190} INFO - [2025-12-12T16:37:56.351+0000] {dag.py:4180} INFO - Setting next_dagrun for magnificent7_incremental_pipeline to 2025-12-10 22:00:00+00:00, run_after=2025-12-11 22:00:00+00:00
[2025-12-12T16:37:56.387+0000] {processor.py:208} INFO - Processing /opt/airflow/dags/stock_pipeline.py took 1.895 seconds
[2025-12-12T16:38:27.398+0000] {processor.py:186} INFO - Started process (PID=194) to work on /opt/airflow/dags/stock_pipeline.py
[2025-12-12T16:38:27.400+0000] {processor.py:914} INFO - Processing file /opt/airflow/dags/stock_pipeline.py for tasks to queue
[2025-12-12T16:38:27.405+0000] {logging_mixin.py:190} INFO - [2025-12-12T16:38:27.405+0000] {dagbag.py:588} INFO - Filling up the DagBag from /opt/airflow/dags/stock_pipeline.py
[2025-12-12T16:38:29.368+0000] {processor.py:925} INFO - DAG(s) 'magnificent7_incremental_pipeline' retrieved from /opt/airflow/dags/stock_pipeline.py
[2025-12-12T16:38:29.405+0000] {logging_mixin.py:190} INFO - [2025-12-12T16:38:29.405+0000] {dag.py:3239} INFO - Sync 1 DAGs
[2025-12-12T16:38:29.442+0000] {logging_mixin.py:190} INFO - [2025-12-12T16:38:29.441+0000] {dag.py:4180} INFO - Setting next_dagrun for magnificent7_incremental_pipeline to 2025-12-10 22:00:00+00:00, run_after=2025-12-11 22:00:00+00:00
[2025-12-12T16:38:29.469+0000] {processor.py:208} INFO - Processing /opt/airflow/dags/stock_pipeline.py took 2.083 seconds
[2025-12-12T16:38:36.601+0000] {processor.py:186} INFO - Started process (PID=200) to work on /opt/airflow/dags/stock_pipeline.py
[2025-12-12T16:38:36.603+0000] {processor.py:914} INFO - Processing file /opt/airflow/dags/stock_pipeline.py for tasks to queue
[2025-12-12T16:38:36.608+0000] {logging_mixin.py:190} INFO - [2025-12-12T16:38:36.607+0000] {dagbag.py:588} INFO - Filling up the DagBag from /opt/airflow/dags/stock_pipeline.py
[2025-12-12T16:38:38.745+0000] {processor.py:925} INFO - DAG(s) 'magnificent7_incremental_pipeline' retrieved from /opt/airflow/dags/stock_pipeline.py
[2025-12-12T16:38:39.134+0000] {logging_mixin.py:190} INFO - [2025-12-12T16:38:39.133+0000] {dag.py:3239} INFO - Sync 1 DAGs
[2025-12-12T16:38:39.286+0000] {logging_mixin.py:190} INFO - [2025-12-12T16:38:39.286+0000] {dag.py:4180} INFO - Setting next_dagrun for magnificent7_incremental_pipeline to 2025-12-11 02:00:00+00:00, run_after=2025-12-12 02:00:00+00:00
[2025-12-12T16:38:39.334+0000] {processor.py:208} INFO - Processing /opt/airflow/dags/stock_pipeline.py took 2.745 seconds
[2025-12-12T16:39:09.504+0000] {processor.py:186} INFO - Started process (PID=206) to work on /opt/airflow/dags/stock_pipeline.py
[2025-12-12T16:39:09.507+0000] {processor.py:914} INFO - Processing file /opt/airflow/dags/stock_pipeline.py for tasks to queue
[2025-12-12T16:39:09.515+0000] {logging_mixin.py:190} INFO - [2025-12-12T16:39:09.514+0000] {dagbag.py:588} INFO - Filling up the DagBag from /opt/airflow/dags/stock_pipeline.py
[2025-12-12T16:39:11.647+0000] {processor.py:925} INFO - DAG(s) 'magnificent7_incremental_pipeline' retrieved from /opt/airflow/dags/stock_pipeline.py
[2025-12-12T16:39:11.701+0000] {logging_mixin.py:190} INFO - [2025-12-12T16:39:11.700+0000] {dag.py:3239} INFO - Sync 1 DAGs
[2025-12-12T16:39:11.910+0000] {logging_mixin.py:190} INFO - [2025-12-12T16:39:11.909+0000] {dag.py:4180} INFO - Setting next_dagrun for magnificent7_incremental_pipeline to 2025-12-11 02:00:00+00:00, run_after=2025-12-12 02:00:00+00:00
[2025-12-12T16:39:11.964+0000] {processor.py:208} INFO - Processing /opt/airflow/dags/stock_pipeline.py took 2.477 seconds
[2025-12-12T16:39:42.116+0000] {processor.py:186} INFO - Started process (PID=212) to work on /opt/airflow/dags/stock_pipeline.py
[2025-12-12T16:39:42.121+0000] {processor.py:914} INFO - Processing file /opt/airflow/dags/stock_pipeline.py for tasks to queue
[2025-12-12T16:39:42.127+0000] {logging_mixin.py:190} INFO - [2025-12-12T16:39:42.126+0000] {dagbag.py:588} INFO - Filling up the DagBag from /opt/airflow/dags/stock_pipeline.py
[2025-12-12T16:39:44.785+0000] {processor.py:925} INFO - DAG(s) 'magnificent7_incremental_pipeline' retrieved from /opt/airflow/dags/stock_pipeline.py
[2025-12-12T16:39:45.010+0000] {logging_mixin.py:190} INFO - [2025-12-12T16:39:45.009+0000] {dag.py:3239} INFO - Sync 1 DAGs
[2025-12-12T16:39:45.100+0000] {logging_mixin.py:190} INFO - [2025-12-12T16:39:45.099+0000] {dag.py:4180} INFO - Setting next_dagrun for magnificent7_incremental_pipeline to 2025-12-11 02:00:00+00:00, run_after=2025-12-12 02:00:00+00:00
[2025-12-12T16:39:45.161+0000] {processor.py:208} INFO - Processing /opt/airflow/dags/stock_pipeline.py took 3.068 seconds
[2025-12-12T16:40:04.123+0000] {processor.py:186} INFO - Started process (PID=218) to work on /opt/airflow/dags/stock_pipeline.py
[2025-12-12T16:40:04.125+0000] {processor.py:914} INFO - Processing file /opt/airflow/dags/stock_pipeline.py for tasks to queue
[2025-12-12T16:40:04.132+0000] {logging_mixin.py:190} INFO - [2025-12-12T16:40:04.131+0000] {dagbag.py:588} INFO - Filling up the DagBag from /opt/airflow/dags/stock_pipeline.py
[2025-12-12T16:40:06.264+0000] {processor.py:925} INFO - DAG(s) 'magnificent7_incremental_pipeline' retrieved from /opt/airflow/dags/stock_pipeline.py
[2025-12-12T16:40:06.296+0000] {logging_mixin.py:190} INFO - [2025-12-12T16:40:06.296+0000] {dag.py:3239} INFO - Sync 1 DAGs
[2025-12-12T16:40:06.329+0000] {logging_mixin.py:190} INFO - [2025-12-12T16:40:06.328+0000] {dag.py:4180} INFO - Setting next_dagrun for magnificent7_incremental_pipeline to 2025-12-11 02:00:00+00:00, run_after=2025-12-12 02:00:00+00:00
[2025-12-12T16:40:06.371+0000] {processor.py:208} INFO - Processing /opt/airflow/dags/stock_pipeline.py took 2.263 seconds
[2025-12-12T16:40:10.370+0000] {processor.py:186} INFO - Started process (PID=224) to work on /opt/airflow/dags/stock_pipeline.py
[2025-12-12T16:40:10.372+0000] {processor.py:914} INFO - Processing file /opt/airflow/dags/stock_pipeline.py for tasks to queue
[2025-12-12T16:40:10.378+0000] {logging_mixin.py:190} INFO - [2025-12-12T16:40:10.377+0000] {dagbag.py:588} INFO - Filling up the DagBag from /opt/airflow/dags/stock_pipeline.py
[2025-12-12T16:40:12.446+0000] {processor.py:925} INFO - DAG(s) 'magnificent7_incremental_pipeline' retrieved from /opt/airflow/dags/stock_pipeline.py
[2025-12-12T16:40:12.483+0000] {logging_mixin.py:190} INFO - [2025-12-12T16:40:12.483+0000] {dag.py:3239} INFO - Sync 1 DAGs
[2025-12-12T16:40:12.519+0000] {logging_mixin.py:190} INFO - [2025-12-12T16:40:12.519+0000] {dag.py:4180} INFO - Setting next_dagrun for magnificent7_incremental_pipeline to 2025-12-11 02:00:00+00:00, run_after=2025-12-12 02:00:00+00:00
[2025-12-12T16:40:12.562+0000] {processor.py:208} INFO - Processing /opt/airflow/dags/stock_pipeline.py took 2.205 seconds
[2025-12-12T16:40:15.596+0000] {processor.py:186} INFO - Started process (PID=230) to work on /opt/airflow/dags/stock_pipeline.py
[2025-12-12T16:40:15.599+0000] {processor.py:914} INFO - Processing file /opt/airflow/dags/stock_pipeline.py for tasks to queue
[2025-12-12T16:40:15.604+0000] {logging_mixin.py:190} INFO - [2025-12-12T16:40:15.604+0000] {dagbag.py:588} INFO - Filling up the DagBag from /opt/airflow/dags/stock_pipeline.py
[2025-12-12T16:40:17.691+0000] {processor.py:925} INFO - DAG(s) 'magnificent7_incremental_pipeline' retrieved from /opt/airflow/dags/stock_pipeline.py
[2025-12-12T16:40:17.751+0000] {logging_mixin.py:190} INFO - [2025-12-12T16:40:17.750+0000] {dag.py:3239} INFO - Sync 1 DAGs
[2025-12-12T16:40:17.836+0000] {logging_mixin.py:190} INFO - [2025-12-12T16:40:17.835+0000] {dag.py:4180} INFO - Setting next_dagrun for magnificent7_incremental_pipeline to 2025-12-11 02:00:00+00:00, run_after=2025-12-12 02:00:00+00:00
[2025-12-12T16:40:17.895+0000] {processor.py:208} INFO - Processing /opt/airflow/dags/stock_pipeline.py took 2.315 seconds
[2025-12-12T16:40:22.528+0000] {processor.py:186} INFO - Started process (PID=236) to work on /opt/airflow/dags/stock_pipeline.py
[2025-12-12T16:40:22.534+0000] {processor.py:914} INFO - Processing file /opt/airflow/dags/stock_pipeline.py for tasks to queue
[2025-12-12T16:40:22.584+0000] {logging_mixin.py:190} INFO - [2025-12-12T16:40:22.583+0000] {dagbag.py:588} INFO - Filling up the DagBag from /opt/airflow/dags/stock_pipeline.py
[2025-12-12T16:40:25.025+0000] {processor.py:925} INFO - DAG(s) 'magnificent7_incremental_pipeline' retrieved from /opt/airflow/dags/stock_pipeline.py
[2025-12-12T16:40:25.097+0000] {logging_mixin.py:190} INFO - [2025-12-12T16:40:25.097+0000] {dag.py:3239} INFO - Sync 1 DAGs
[2025-12-12T16:40:25.153+0000] {logging_mixin.py:190} INFO - [2025-12-12T16:40:25.153+0000] {dag.py:4180} INFO - Setting next_dagrun for magnificent7_incremental_pipeline to 2025-12-11 02:00:00+00:00, run_after=2025-12-12 02:00:00+00:00
[2025-12-12T16:40:25.375+0000] {processor.py:208} INFO - Processing /opt/airflow/dags/stock_pipeline.py took 2.905 seconds
[2025-12-12T16:40:55.629+0000] {processor.py:186} INFO - Started process (PID=242) to work on /opt/airflow/dags/stock_pipeline.py
[2025-12-12T16:40:55.631+0000] {processor.py:914} INFO - Processing file /opt/airflow/dags/stock_pipeline.py for tasks to queue
[2025-12-12T16:40:55.636+0000] {logging_mixin.py:190} INFO - [2025-12-12T16:40:55.635+0000] {dagbag.py:588} INFO - Filling up the DagBag from /opt/airflow/dags/stock_pipeline.py
[2025-12-12T16:40:57.506+0000] {processor.py:925} INFO - DAG(s) 'magnificent7_incremental_pipeline' retrieved from /opt/airflow/dags/stock_pipeline.py
[2025-12-12T16:40:57.542+0000] {logging_mixin.py:190} INFO - [2025-12-12T16:40:57.541+0000] {dag.py:3239} INFO - Sync 1 DAGs
[2025-12-12T16:40:57.578+0000] {logging_mixin.py:190} INFO - [2025-12-12T16:40:57.578+0000] {dag.py:4180} INFO - Setting next_dagrun for magnificent7_incremental_pipeline to 2025-12-11 02:00:00+00:00, run_after=2025-12-12 02:00:00+00:00
[2025-12-12T16:40:57.607+0000] {processor.py:208} INFO - Processing /opt/airflow/dags/stock_pipeline.py took 1.989 seconds
[2025-12-12T16:41:27.793+0000] {processor.py:186} INFO - Started process (PID=248) to work on /opt/airflow/dags/stock_pipeline.py
[2025-12-12T16:41:27.796+0000] {processor.py:914} INFO - Processing file /opt/airflow/dags/stock_pipeline.py for tasks to queue
[2025-12-12T16:41:27.804+0000] {logging_mixin.py:190} INFO - [2025-12-12T16:41:27.803+0000] {dagbag.py:588} INFO - Filling up the DagBag from /opt/airflow/dags/stock_pipeline.py
[2025-12-12T16:41:29.744+0000] {processor.py:925} INFO - DAG(s) 'magnificent7_incremental_pipeline' retrieved from /opt/airflow/dags/stock_pipeline.py
[2025-12-12T16:41:29.782+0000] {logging_mixin.py:190} INFO - [2025-12-12T16:41:29.781+0000] {dag.py:3239} INFO - Sync 1 DAGs
[2025-12-12T16:41:29.817+0000] {logging_mixin.py:190} INFO - [2025-12-12T16:41:29.817+0000] {dag.py:4180} INFO - Setting next_dagrun for magnificent7_incremental_pipeline to 2025-12-11 02:00:00+00:00, run_after=2025-12-12 02:00:00+00:00
[2025-12-12T16:41:29.856+0000] {processor.py:208} INFO - Processing /opt/airflow/dags/stock_pipeline.py took 2.086 seconds
[2025-12-12T16:41:59.986+0000] {processor.py:186} INFO - Started process (PID=254) to work on /opt/airflow/dags/stock_pipeline.py
[2025-12-12T16:41:59.989+0000] {processor.py:914} INFO - Processing file /opt/airflow/dags/stock_pipeline.py for tasks to queue
[2025-12-12T16:41:59.995+0000] {logging_mixin.py:190} INFO - [2025-12-12T16:41:59.994+0000] {dagbag.py:588} INFO - Filling up the DagBag from /opt/airflow/dags/stock_pipeline.py
[2025-12-12T16:42:02.018+0000] {processor.py:925} INFO - DAG(s) 'magnificent7_incremental_pipeline' retrieved from /opt/airflow/dags/stock_pipeline.py
[2025-12-12T16:42:02.058+0000] {logging_mixin.py:190} INFO - [2025-12-12T16:42:02.058+0000] {dag.py:3239} INFO - Sync 1 DAGs
[2025-12-12T16:42:02.114+0000] {logging_mixin.py:190} INFO - [2025-12-12T16:42:02.113+0000] {dag.py:4180} INFO - Setting next_dagrun for magnificent7_incremental_pipeline to 2025-12-11 02:00:00+00:00, run_after=2025-12-12 02:00:00+00:00
[2025-12-12T16:42:02.163+0000] {processor.py:208} INFO - Processing /opt/airflow/dags/stock_pipeline.py took 2.193 seconds
[2025-12-12T16:42:33.031+0000] {processor.py:186} INFO - Started process (PID=260) to work on /opt/airflow/dags/stock_pipeline.py
[2025-12-12T16:42:33.034+0000] {processor.py:914} INFO - Processing file /opt/airflow/dags/stock_pipeline.py for tasks to queue
[2025-12-12T16:42:33.041+0000] {logging_mixin.py:190} INFO - [2025-12-12T16:42:33.040+0000] {dagbag.py:588} INFO - Filling up the DagBag from /opt/airflow/dags/stock_pipeline.py
[2025-12-12T16:42:35.406+0000] {processor.py:925} INFO - DAG(s) 'magnificent7_incremental_pipeline' retrieved from /opt/airflow/dags/stock_pipeline.py
[2025-12-12T16:42:35.447+0000] {logging_mixin.py:190} INFO - [2025-12-12T16:42:35.446+0000] {dag.py:3239} INFO - Sync 1 DAGs
[2025-12-12T16:42:35.487+0000] {logging_mixin.py:190} INFO - [2025-12-12T16:42:35.486+0000] {dag.py:4180} INFO - Setting next_dagrun for magnificent7_incremental_pipeline to 2025-12-11 02:00:00+00:00, run_after=2025-12-12 02:00:00+00:00
[2025-12-12T16:42:35.639+0000] {processor.py:208} INFO - Processing /opt/airflow/dags/stock_pipeline.py took 2.623 seconds
[2025-12-12T16:43:05.827+0000] {processor.py:186} INFO - Started process (PID=266) to work on /opt/airflow/dags/stock_pipeline.py
[2025-12-12T16:43:05.830+0000] {processor.py:914} INFO - Processing file /opt/airflow/dags/stock_pipeline.py for tasks to queue
[2025-12-12T16:43:05.837+0000] {logging_mixin.py:190} INFO - [2025-12-12T16:43:05.836+0000] {dagbag.py:588} INFO - Filling up the DagBag from /opt/airflow/dags/stock_pipeline.py
[2025-12-12T16:43:44.201+0000] {processor.py:186} INFO - Started process (PID=164) to work on /opt/airflow/dags/stock_pipeline.py
[2025-12-12T16:43:44.203+0000] {processor.py:914} INFO - Processing file /opt/airflow/dags/stock_pipeline.py for tasks to queue
[2025-12-12T16:43:44.206+0000] {logging_mixin.py:190} INFO - [2025-12-12T16:43:44.206+0000] {dagbag.py:588} INFO - Filling up the DagBag from /opt/airflow/dags/stock_pipeline.py
[2025-12-12T16:43:48.845+0000] {processor.py:925} INFO - DAG(s) 'magnificent7_incremental_pipeline' retrieved from /opt/airflow/dags/stock_pipeline.py
[2025-12-12T16:43:48.904+0000] {logging_mixin.py:190} INFO - [2025-12-12T16:43:48.904+0000] {dag.py:3239} INFO - Sync 1 DAGs
[2025-12-12T16:43:48.945+0000] {logging_mixin.py:190} INFO - [2025-12-12T16:43:48.945+0000] {dag.py:4180} INFO - Setting next_dagrun for magnificent7_incremental_pipeline to 2025-12-11 02:00:00+00:00, run_after=2025-12-12 02:00:00+00:00
[2025-12-12T16:43:48.981+0000] {processor.py:208} INFO - Processing /opt/airflow/dags/stock_pipeline.py took 4.796 seconds
[2025-12-12T16:44:19.277+0000] {processor.py:186} INFO - Started process (PID=170) to work on /opt/airflow/dags/stock_pipeline.py
[2025-12-12T16:44:19.279+0000] {processor.py:914} INFO - Processing file /opt/airflow/dags/stock_pipeline.py for tasks to queue
[2025-12-12T16:44:19.283+0000] {logging_mixin.py:190} INFO - [2025-12-12T16:44:19.282+0000] {dagbag.py:588} INFO - Filling up the DagBag from /opt/airflow/dags/stock_pipeline.py
[2025-12-12T16:44:21.934+0000] {processor.py:925} INFO - DAG(s) 'magnificent7_incremental_pipeline' retrieved from /opt/airflow/dags/stock_pipeline.py
[2025-12-12T16:44:22.047+0000] {logging_mixin.py:190} INFO - [2025-12-12T16:44:22.046+0000] {dag.py:3239} INFO - Sync 1 DAGs
[2025-12-12T16:44:22.116+0000] {logging_mixin.py:190} INFO - [2025-12-12T16:44:22.116+0000] {dag.py:4180} INFO - Setting next_dagrun for magnificent7_incremental_pipeline to 2025-12-11 02:00:00+00:00, run_after=2025-12-12 02:00:00+00:00
[2025-12-12T16:44:22.161+0000] {processor.py:208} INFO - Processing /opt/airflow/dags/stock_pipeline.py took 2.897 seconds
[2025-12-12T16:44:52.317+0000] {processor.py:186} INFO - Started process (PID=176) to work on /opt/airflow/dags/stock_pipeline.py
[2025-12-12T16:44:52.319+0000] {processor.py:914} INFO - Processing file /opt/airflow/dags/stock_pipeline.py for tasks to queue
[2025-12-12T16:44:52.324+0000] {logging_mixin.py:190} INFO - [2025-12-12T16:44:52.323+0000] {dagbag.py:588} INFO - Filling up the DagBag from /opt/airflow/dags/stock_pipeline.py
[2025-12-12T16:44:54.139+0000] {processor.py:925} INFO - DAG(s) 'magnificent7_incremental_pipeline' retrieved from /opt/airflow/dags/stock_pipeline.py
[2025-12-12T16:44:54.179+0000] {logging_mixin.py:190} INFO - [2025-12-12T16:44:54.178+0000] {dag.py:3239} INFO - Sync 1 DAGs
[2025-12-12T16:44:54.226+0000] {logging_mixin.py:190} INFO - [2025-12-12T16:44:54.226+0000] {dag.py:4180} INFO - Setting next_dagrun for magnificent7_incremental_pipeline to 2025-12-11 02:00:00+00:00, run_after=2025-12-12 02:00:00+00:00
[2025-12-12T16:44:54.261+0000] {processor.py:208} INFO - Processing /opt/airflow/dags/stock_pipeline.py took 1.960 seconds
