[2025-12-12T16:29:32.587+0000] {manager.py:483} INFO - Processing files using up to 2 processes at a time 
[2025-12-12T16:29:32.588+0000] {manager.py:484} INFO - Process each file at most once every 30 seconds
[2025-12-12T16:29:32.590+0000] {manager.py:485} INFO - Checking for new files in /opt/airflow/dags every 300 seconds
[2025-12-12T16:29:32.591+0000] {manager.py:821} INFO - Searching for files in /opt/airflow/dags
[2025-12-12T16:29:32.612+0000] {manager.py:824} INFO - There are 1 files in /opt/airflow/dags
[2025-12-12T16:29:33.188+0000] {manager.py:997} INFO - 
================================================================================
DAG File Processing Stats

File Path                              PID  Runtime      # DAGs    # Errors  Last Runtime    Last Run      Last # of DB Queries
-----------------------------------  -----  ---------  --------  ----------  --------------  ----------  ----------------------
/opt/airflow/dags/stock_pipeline.py    164  0.14s             0           0                                                   0
================================================================================
[2025-12-12T16:30:06.223+0000] {manager.py:997} INFO - 
================================================================================
DAG File Processing Stats

File Path                            PID    Runtime      # DAGs    # Errors  Last Runtime    Last Run               Last # of DB Queries
-----------------------------------  -----  ---------  --------  ----------  --------------  -------------------  ----------------------
/opt/airflow/dags/stock_pipeline.py                           1           0  9.46s           2025-12-12T16:29:42                      45
================================================================================
[2025-12-12T16:30:39.154+0000] {manager.py:997} INFO - 
================================================================================
DAG File Processing Stats

File Path                            PID    Runtime      # DAGs    # Errors  Last Runtime    Last Run               Last # of DB Queries
-----------------------------------  -----  ---------  --------  ----------  --------------  -------------------  ----------------------
/opt/airflow/dags/stock_pipeline.py                           1           0  2.91s           2025-12-12T16:30:16                      12
================================================================================
[2025-12-12T16:31:12.503+0000] {manager.py:997} INFO - 
================================================================================
DAG File Processing Stats

File Path                            PID    Runtime      # DAGs    # Errors  Last Runtime    Last Run               Last # of DB Queries
-----------------------------------  -----  ---------  --------  ----------  --------------  -------------------  ----------------------
/opt/airflow/dags/stock_pipeline.py                           1           0  2.67s           2025-12-12T16:30:48                      12
================================================================================
[2025-12-12T16:31:45.456+0000] {manager.py:997} INFO - 
================================================================================
DAG File Processing Stats

File Path                            PID    Runtime      # DAGs    # Errors  Last Runtime    Last Run               Last # of DB Queries
-----------------------------------  -----  ---------  --------  ----------  --------------  -------------------  ----------------------
/opt/airflow/dags/stock_pipeline.py                           1           0  2.54s           2025-12-12T16:31:21                      12
================================================================================
[2025-12-12T16:32:18.207+0000] {manager.py:997} INFO - 
================================================================================
DAG File Processing Stats

File Path                            PID    Runtime      # DAGs    # Errors  Last Runtime    Last Run               Last # of DB Queries
-----------------------------------  -----  ---------  --------  ----------  --------------  -------------------  ----------------------
/opt/airflow/dags/stock_pipeline.py                           1           0  3.68s           2025-12-12T16:31:55                      12
================================================================================
[2025-12-12T16:32:51.262+0000] {manager.py:997} INFO - 
================================================================================
DAG File Processing Stats

File Path                            PID    Runtime      # DAGs    # Errors  Last Runtime    Last Run               Last # of DB Queries
-----------------------------------  -----  ---------  --------  ----------  --------------  -------------------  ----------------------
/opt/airflow/dags/stock_pipeline.py                           1           0  2.58s           2025-12-12T16:32:28                      12
================================================================================
[2025-12-12T16:33:24.346+0000] {manager.py:997} INFO - 
================================================================================
DAG File Processing Stats

File Path                            PID    Runtime      # DAGs    # Errors  Last Runtime    Last Run               Last # of DB Queries
-----------------------------------  -----  ---------  --------  ----------  --------------  -------------------  ----------------------
/opt/airflow/dags/stock_pipeline.py                           1           0  2.94s           2025-12-12T16:33:01                      12
================================================================================
[2025-12-12T16:33:57.821+0000] {manager.py:997} INFO - 
================================================================================
DAG File Processing Stats

File Path                            PID    Runtime      # DAGs    # Errors  Last Runtime    Last Run               Last # of DB Queries
-----------------------------------  -----  ---------  --------  ----------  --------------  -------------------  ----------------------
/opt/airflow/dags/stock_pipeline.py                           1           0  2.17s           2025-12-12T16:33:41                      12
================================================================================
[2025-12-12T16:34:30.593+0000] {manager.py:997} INFO - 
================================================================================
DAG File Processing Stats

File Path                              PID  Runtime      # DAGs    # Errors  Last Runtime    Last Run               Last # of DB Queries
-----------------------------------  -----  ---------  --------  ----------  --------------  -------------------  ----------------------
/opt/airflow/dags/stock_pipeline.py    224  2.04s             1           0  2.52s           2025-12-12T16:34:13                      12
================================================================================
[2025-12-12T16:34:33.035+0000] {manager.py:821} INFO - Searching for files in /opt/airflow/dags
[2025-12-12T16:34:33.076+0000] {manager.py:824} INFO - There are 1 files in /opt/airflow/dags
[2025-12-12T16:34:51.182+0000] {manager.py:465} INFO - Exiting gracefully upon receiving signal 15
[2025-12-12T16:35:41.954+0000] {manager.py:483} INFO - Processing files using up to 2 processes at a time 
[2025-12-12T16:35:41.956+0000] {manager.py:484} INFO - Process each file at most once every 30 seconds
[2025-12-12T16:35:41.957+0000] {manager.py:485} INFO - Checking for new files in /opt/airflow/dags every 300 seconds
[2025-12-12T16:35:41.958+0000] {manager.py:821} INFO - Searching for files in /opt/airflow/dags
[2025-12-12T16:35:41.991+0000] {manager.py:824} INFO - There are 1 files in /opt/airflow/dags
[2025-12-12T16:35:42.157+0000] {manager.py:997} INFO - 
================================================================================
DAG File Processing Stats

File Path                              PID  Runtime      # DAGs    # Errors  Last Runtime    Last Run      Last # of DB Queries
-----------------------------------  -----  ---------  --------  ----------  --------------  ----------  ----------------------
/opt/airflow/dags/stock_pipeline.py    164  0.05s             0           0                                                   0
================================================================================
[2025-12-12T16:36:15.163+0000] {manager.py:997} INFO - 
================================================================================
DAG File Processing Stats

File Path                            PID    Runtime      # DAGs    # Errors  Last Runtime    Last Run               Last # of DB Queries
-----------------------------------  -----  ---------  --------  ----------  --------------  -------------------  ----------------------
/opt/airflow/dags/stock_pipeline.py                           1           0  5.35s           2025-12-12T16:35:47                      12
================================================================================
[2025-12-12T16:36:48.302+0000] {manager.py:997} INFO - 
================================================================================
DAG File Processing Stats

File Path                            PID    Runtime      # DAGs    # Errors  Last Runtime    Last Run               Last # of DB Queries
-----------------------------------  -----  ---------  --------  ----------  --------------  -------------------  ----------------------
/opt/airflow/dags/stock_pipeline.py                           1           0  2.01s           2025-12-12T16:36:20                      12
================================================================================
[2025-12-12T16:37:21.242+0000] {manager.py:997} INFO - 
================================================================================
DAG File Processing Stats

File Path                            PID    Runtime      # DAGs    # Errors  Last Runtime    Last Run               Last # of DB Queries
-----------------------------------  -----  ---------  --------  ----------  --------------  -------------------  ----------------------
/opt/airflow/dags/stock_pipeline.py                           1           0  1.89s           2025-12-12T16:36:52                      12
================================================================================
[2025-12-12T16:37:54.311+0000] {manager.py:997} INFO - 
================================================================================
DAG File Processing Stats

File Path                            PID    Runtime      # DAGs    # Errors  Last Runtime    Last Run               Last # of DB Queries
-----------------------------------  -----  ---------  --------  ----------  --------------  -------------------  ----------------------
/opt/airflow/dags/stock_pipeline.py                           1           0  2.09s           2025-12-12T16:37:24                      12
================================================================================
[2025-12-12T16:38:27.364+0000] {manager.py:997} INFO - 
================================================================================
DAG File Processing Stats

File Path                              PID  Runtime      # DAGs    # Errors  Last Runtime    Last Run               Last # of DB Queries
-----------------------------------  -----  ---------  --------  ----------  --------------  -------------------  ----------------------
/opt/airflow/dags/stock_pipeline.py    194  0.01s             1           0  1.98s           2025-12-12T16:37:56                      12
================================================================================
[2025-12-12T16:39:00.333+0000] {manager.py:997} INFO - 
================================================================================
DAG File Processing Stats

File Path                            PID    Runtime      # DAGs    # Errors  Last Runtime    Last Run               Last # of DB Queries
-----------------------------------  -----  ---------  --------  ----------  --------------  -------------------  ----------------------
/opt/airflow/dags/stock_pipeline.py                           1           0  2.82s           2025-12-12T16:38:39                      34
================================================================================
[2025-12-12T16:39:33.644+0000] {manager.py:997} INFO - 
================================================================================
DAG File Processing Stats

File Path                            PID    Runtime      # DAGs    # Errors  Last Runtime    Last Run               Last # of DB Queries
-----------------------------------  -----  ---------  --------  ----------  --------------  -------------------  ----------------------
/opt/airflow/dags/stock_pipeline.py                           1           0  2.57s           2025-12-12T16:39:12                      12
================================================================================
[2025-12-12T16:40:06.416+0000] {manager.py:997} INFO - 
================================================================================
DAG File Processing Stats

File Path                            PID    Runtime      # DAGs    # Errors  Last Runtime    Last Run               Last # of DB Queries
-----------------------------------  -----  ---------  --------  ----------  --------------  -------------------  ----------------------
/opt/airflow/dags/stock_pipeline.py                           1           0  2.34s           2025-12-12T16:40:06                      12
================================================================================
[2025-12-12T16:40:39.589+0000] {manager.py:997} INFO - 
================================================================================
DAG File Processing Stats

File Path                            PID    Runtime      # DAGs    # Errors  Last Runtime    Last Run               Last # of DB Queries
-----------------------------------  -----  ---------  --------  ----------  --------------  -------------------  ----------------------
/opt/airflow/dags/stock_pipeline.py                           1           0  3.00s           2025-12-12T16:40:25                      12
================================================================================
[2025-12-12T16:40:42.630+0000] {manager.py:821} INFO - Searching for files in /opt/airflow/dags
[2025-12-12T16:40:42.693+0000] {manager.py:824} INFO - There are 1 files in /opt/airflow/dags
[2025-12-12T16:41:12.767+0000] {manager.py:997} INFO - 
================================================================================
DAG File Processing Stats

File Path                            PID    Runtime      # DAGs    # Errors  Last Runtime    Last Run               Last # of DB Queries
-----------------------------------  -----  ---------  --------  ----------  --------------  -------------------  ----------------------
/opt/airflow/dags/stock_pipeline.py                           1           0  2.06s           2025-12-12T16:40:57                      12
================================================================================
[2025-12-12T16:41:45.963+0000] {manager.py:997} INFO - 
================================================================================
DAG File Processing Stats

File Path                            PID    Runtime      # DAGs    # Errors  Last Runtime    Last Run               Last # of DB Queries
-----------------------------------  -----  ---------  --------  ----------  --------------  -------------------  ----------------------
/opt/airflow/dags/stock_pipeline.py                           1           0  2.17s           2025-12-12T16:41:29                      12
================================================================================
[2025-12-12T16:42:19.122+0000] {manager.py:997} INFO - 
================================================================================
DAG File Processing Stats

File Path                            PID    Runtime      # DAGs    # Errors  Last Runtime    Last Run               Last # of DB Queries
-----------------------------------  -----  ---------  --------  ----------  --------------  -------------------  ----------------------
/opt/airflow/dags/stock_pipeline.py                           1           0  2.28s           2025-12-12T16:42:02                      12
================================================================================
[2025-12-12T16:42:51.865+0000] {manager.py:997} INFO - 
================================================================================
DAG File Processing Stats

File Path                            PID    Runtime      # DAGs    # Errors  Last Runtime    Last Run               Last # of DB Queries
-----------------------------------  -----  ---------  --------  ----------  --------------  -------------------  ----------------------
/opt/airflow/dags/stock_pipeline.py                           1           0  2.70s           2025-12-12T16:42:35                      12
================================================================================
[2025-12-12T16:43:08.487+0000] {manager.py:465} INFO - Exiting gracefully upon receiving signal 15
[2025-12-12T16:43:08.488+0000] {manager.py:465} INFO - Exiting gracefully upon receiving signal 15
